<?xml version="1.0" encoding="UTF-8"?>
<testng-results skipped="0" failed="0" ignored="0" total="1" passed="1">
  <reporter-output>
  </reporter-output>
  <suite name="Default suite" duration-ms="30298" started-at="2020-09-05T23:15:58Z" finished-at="2020-09-05T23:16:28Z">
    <groups>
      <group name="cucumber">
        <method signature="AbstractTestNGCucumberTests.runScenario(io.cucumber.testng.PickleEventWrapper, io.cucumber.testng.CucumberFeatureWrapper)[pri:0, instance:runner.TestRunner@2ac273d3]" name="runScenario" class="io.cucumber.testng.AbstractTestNGCucumberTests"/>
      </group> <!-- cucumber -->
    </groups>
    <test name="Default test" duration-ms="30298" started-at="2020-09-05T23:15:58Z" finished-at="2020-09-05T23:16:28Z">
      <class name="runner.TestRunner">
        <test-method status="PASS" signature="setUpClass()[pri:0, instance:runner.TestRunner@2ac273d3]" name="setUpClass" is-config="true" duration-ms="143" started-at="2020-09-05T23:15:58Z" finished-at="2020-09-05T23:15:58Z">
          <reporter-output>
          </reporter-output>
        </test-method> <!-- setUpClass -->
        <test-method status="PASS" signature="before()[pri:0, instance:runner.TestRunner@2ac273d3]" name="before" is-config="true" duration-ms="0" started-at="2020-09-05T23:15:58Z" finished-at="2020-09-05T23:15:58Z">
          <reporter-output>
          </reporter-output>
        </test-method> <!-- before -->
        <test-method status="PASS" signature="runScenario(io.cucumber.testng.PickleEventWrapper, io.cucumber.testng.CucumberFeatureWrapper)[pri:0, instance:runner.TestRunner@2ac273d3]" name="runScenario" duration-ms="29999" started-at="2020-09-05T23:15:58Z" description="Runs Cucumber Scenarios" data-provider="scenarios" finished-at="2020-09-05T23:16:28Z">
          <params>
            <param index="0">
              <value>
                <![CDATA["Create a new recurring(3 days a week) meeting, and make sure it doesnt repeat on successive days"]]>
              </value>
            </param>
            <param index="1">
              <value>
                <![CDATA["Create a recurring meeting using Native Android/iOS Calendar App."]]>
              </value>
            </param>
          </params>
          <reporter-output>
          </reporter-output>
        </test-method> <!-- runScenario -->
        <test-method status="PASS" signature="tearDownClass()[pri:0, instance:runner.TestRunner@2ac273d3]" name="tearDownClass" is-config="true" duration-ms="79" started-at="2020-09-05T23:16:28Z" finished-at="2020-09-05T23:16:28Z">
          <reporter-output>
          </reporter-output>
        </test-method> <!-- tearDownClass -->
        <test-method status="PASS" signature="after()[pri:0, instance:runner.TestRunner@2ac273d3]" name="after" is-config="true" duration-ms="0" started-at="2020-09-05T23:16:28Z" finished-at="2020-09-05T23:16:28Z">
          <reporter-output>
          </reporter-output>
        </test-method> <!-- after -->
      </class> <!-- runner.TestRunner -->
    </test> <!-- Default test -->
  </suite> <!-- Default suite -->
</testng-results>
